Unity Editor version:    2020.3.21f1 (a38c86f6690f)
Branch:                  2020.3/staging
Build type:              Release
Batch mode:              YES
macOS version:           Version 12.0.1 (Build 21A559)
Darwin version:          21.1.0
Architecture:            x86_64
Running under Rosetta:   YES
Available memory:        16384 MB
Using pre-set license
Pro License: NO

COMMAND LINE ARGUMENTS:
/Users/sriram/opt/UnityEditor/2020.3.21f1/Unity.app/Contents/MacOS/Unity
-adb2
-batchMode
-noUpm
-name
AssetImportWorker0
-projectPath
/Users/sriram/Desktop/Sriram/UnityProjects/ARUI
-logFile
Logs/AssetImportWorker0.log
-srvPort
50555
Successfully changed project path to: /Users/sriram/Desktop/Sriram/UnityProjects/ARUI
/Users/sriram/Desktop/Sriram/UnityProjects/ARUI
Using Asset Import Pipeline V2.
Refreshing native plugins compatible for Editor in 42.79 ms, found 6 plugins.
Preloading 3 native plugins for Editor in 6.93 ms.
Initialize engine version: 2020.3.21f1 (a38c86f6690f)
[Subsystems] Discovering subsystems at path /Users/sriram/opt/UnityEditor/2020.3.21f1/Unity.app/Contents/Resources/UnitySubsystems
[Subsystems] Discovering subsystems at path /Users/sriram/Desktop/Sriram/UnityProjects/ARUI/Assets
GfxDevice: creating device client; threaded=0
2021-11-30 14:24:51.528 Unity[3898:109377] (null) preferred device: Apple M1 (high power)
2021-11-30 14:24:51.528 Unity[3898:109377] Metal devices available: 1
2021-11-30 14:24:51.528 Unity[3898:109377] 0: Apple M1 (high power)
2021-11-30 14:24:51.528 Unity[3898:109377] Using device Apple M1 (high power)
Initializing Metal device caps: Apple M1
Initialize mono
Mono path[0] = '/Users/sriram/opt/UnityEditor/2020.3.21f1/Unity.app/Contents/Managed'
Mono path[1] = '/Users/sriram/opt/UnityEditor/2020.3.21f1/Unity.app/Contents/MonoBleedingEdge/lib/mono/unityjit'
Mono config path = '/Users/sriram/opt/UnityEditor/2020.3.21f1/Unity.app/Contents/MonoBleedingEdge/etc'
Using monoOptions --debugger-agent=transport=dt_socket,embedding=1,server=y,suspend=n,address=127.0.0.1:56898
Begin MonoManager ReloadAssembly
Registering precompiled unity dll's ...
Register platform support module: /Users/sriram/opt/UnityEditor/2020.3.21f1/Unity.app/Contents/PlaybackEngines/MacStandaloneSupport/UnityEditor.OSXStandalone.Extensions.dll
Registered in 0.001180 seconds.
Native extension for OSXStandalone target not found
Refreshing native plugins compatible for Editor in 33.58 ms, found 6 plugins.
Preloading 3 native plugins for Editor in 2.68 ms.
Mono: successfully reloaded assembly
- Completed reload, in  2.520 seconds
Domain Reload Profiling:
	ReloadAssembly (2521ms)
		BeginReloadAssembly (72ms)
			ExecutionOrderSort (0ms)
			DisableScriptedObjects (0ms)
			BackupInstance (0ms)
			ReleaseScriptingObjects (0ms)
			CreateAndSetChildDomain (3ms)
		EndReloadAssembly (951ms)
			LoadAssemblies (70ms)
			RebuildTransferFunctionScriptingTraits (0ms)
			SetupTypeCache (165ms)
			ReleaseScriptCaches (0ms)
			RebuildScriptCaches (38ms)
			SetupLoadedEditorAssemblies (485ms)
				LogAssemblyErrors (0ms)
				InitializePlatformSupportModulesInManaged (9ms)
				SetLoadedEditorAssemblies (0ms)
				RefreshPlugins (36ms)
				BeforeProcessingInitializeOnLoad (26ms)
				ProcessInitializeOnLoadAttributes (300ms)
				ProcessInitializeOnLoadMethodAttributes (111ms)
				AfterProcessingInitializeOnLoad (0ms)
				EditorAssembliesLoaded (1ms)
			ExecutionOrderSort2 (0ms)
			AwakeInstancesAfterBackupRestoration (0ms)
Platform modules already initialized, skipping
Registering precompiled user dll's ...
Registered in 0.009040 seconds.
Begin MonoManager ReloadAssembly
Native extension for OSXStandalone target not found
Refreshing native plugins compatible for Editor in 0.51 ms, found 6 plugins.
Preloading 3 native plugins for Editor in 2.72 ms.
System.NullReferenceException: Object reference not set to an instance of an object
  at Vuforia.EditorClasses.ExtensionTypeProvider.GetVuforiaPackageAbsPath () [0x0004a] in <67f168408fbf4fce9c04342c093e9fe7>:0 
  at Vuforia.EditorClasses.ExtensionTypeProvider.IsPackageManager () [0x00000] in <67f168408fbf4fce9c04342c093e9fe7>:0 
  at Vuforia.EditorClasses.ExtensionTypeProvider.ResolvePluginType () [0x00009] in <67f168408fbf4fce9c04342c093e9fe7>:0 
  at Vuforia.EditorClasses.ExtensionTypeProvider.GetPluginType () [0x0000c] in <67f168408fbf4fce9c04342c093e9fe7>:0 
  at Vuforia.EditorClasses.VuforiaUtilities.IsVuforiaEnabledInPlayerSettings () [0x00000] in <67f168408fbf4fce9c04342c093e9fe7>:0 
  at VuforiaEnabledObserver..cctor () [0x00000] in <67f168408fbf4fce9c04342c093e9fe7>:0 
UnityEngine.StackTraceUtility:ExtractStackTrace () (at /Users/bokken/buildslave/unity/build/Runtime/Export/Scripting/StackTrace.cs:37)
UnityEngine.DebugLogHandler:LogFormat (UnityEngine.LogType,UnityEngine.Object,string,object[])
UnityEngine.Logger:Log (UnityEngine.LogType,object)
UnityEngine.Debug:LogError (object)
UnityEditor.EditorAssemblies:ProcessInitializeOnLoadAttributes (System.Type[]) (at /Users/bokken/buildslave/unity/build/Editor/Mono/EditorAssemblies.cs:138)

(Filename: /Users/bokken/buildslave/unity/build/Editor/Mono/EditorAssemblies.cs Line: 138)

System.NullReferenceException: Object reference not set to an instance of an object
  at Vuforia.EditorClasses.ExtensionTypeProvider.GetVuforiaPackageAbsPath () [0x0004a] in <67f168408fbf4fce9c04342c093e9fe7>:0 
  at Vuforia.EditorClasses.ExtensionTypeProvider.IsPackageManager () [0x00000] in <67f168408fbf4fce9c04342c093e9fe7>:0 
  at Vuforia.EditorClasses.ExtensionTypeProvider.ResolvePluginType () [0x00009] in <67f168408fbf4fce9c04342c093e9fe7>:0 
  at Vuforia.EditorClasses.ExtensionTypeProvider.GetPluginType () [0x0000c] in <67f168408fbf4fce9c04342c093e9fe7>:0 
  at Vuforia.EditorClasses.VuforiaUtilities.IsVuforiaEnabledInPlayerSettings () [0x00000] in <67f168408fbf4fce9c04342c093e9fe7>:0 
  at Vuforia.EditorClasses.InitializeOnLoadVuforiaTaskRunner..cctor () [0x00015] in <67f168408fbf4fce9c04342c093e9fe7>:0 
UnityEngine.StackTraceUtility:ExtractStackTrace () (at /Users/bokken/buildslave/unity/build/Runtime/Export/Scripting/StackTrace.cs:37)
UnityEngine.DebugLogHandler:LogFormat (UnityEngine.LogType,UnityEngine.Object,string,object[])
UnityEngine.Logger:Log (UnityEngine.LogType,object)
UnityEngine.Debug:LogError (object)
UnityEditor.EditorAssemblies:ProcessInitializeOnLoadAttributes (System.Type[]) (at /Users/bokken/buildslave/unity/build/Editor/Mono/EditorAssemblies.cs:138)

(Filename: /Users/bokken/buildslave/unity/build/Editor/Mono/EditorAssemblies.cs Line: 138)

Mono: successfully reloaded assembly
- Completed reload, in  2.226 seconds
Domain Reload Profiling:
	ReloadAssembly (2229ms)
		BeginReloadAssembly (237ms)
			ExecutionOrderSort (0ms)
			DisableScriptedObjects (31ms)
			BackupInstance (0ms)
			ReleaseScriptingObjects (0ms)
			CreateAndSetChildDomain (29ms)
		EndReloadAssembly (1903ms)
			LoadAssemblies (180ms)
			RebuildTransferFunctionScriptingTraits (0ms)
			SetupTypeCache (322ms)
			ReleaseScriptCaches (0ms)
			RebuildScriptCaches (55ms)
			SetupLoadedEditorAssemblies (1099ms)
				LogAssemblyErrors (0ms)
				InitializePlatformSupportModulesInManaged (15ms)
				SetLoadedEditorAssemblies (2ms)
				RefreshPlugins (3ms)
				BeforeProcessingInitializeOnLoad (113ms)
				ProcessInitializeOnLoadAttributes (936ms)
				ProcessInitializeOnLoadMethodAttributes (28ms)
				AfterProcessingInitializeOnLoad (1ms)
				EditorAssembliesLoaded (1ms)
			ExecutionOrderSort2 (0ms)
			AwakeInstancesAfterBackupRestoration (29ms)
Platform modules already initialized, skipping
Validating Project structure ... 0.004438 seconds.
Shader import version has changed; will reimport all shaders...
Upgrading shader files ...0.014859 seconds.
Application.AssetDatabase Initial Script Refresh Start
RefreshInfo: InitialScriptRefreshV2(NoUpdateAssetOptions) scanfilter:  ... 1 filters
RefreshProfiler: Total: 0.000ms
Application.AssetDatabase Initial Script Refresh End
Application.AssetDatabase.Refresh Start
Application.AssetDatabase.Refresh End
RefreshInfo: StopAssetImportingV2(ForceSynchronousImport) scanfilter: 
RefreshProfiler: Total: 0.000ms
Launching external process: /Users/sriram/opt/UnityEditor/2020.3.21f1/Unity.app/Contents/Tools/UnityShaderCompiler
Launched and connected shader compiler UnityShaderCompiler after 0.03 seconds
Initializing Unity extensions:
2021-11-30 14:24:57.723 Unity[3898:109377] NSEventModifierFlagFunction specified to -setKeyEquivalentModifierMask: for item <NSMenuItem: 0x6000006df4f0 Font Asset, ke='Command-F12'>, but is only supported for system-provided menu items; will not be used
2021-11-30 14:24:57.726 Unity[3898:109377] NSEventModifierFlagFunction specified to -setKeyEquivalentModifierMask: for item <NSMenuItem: 0x6000006c2a70 Font Asset, ke='Command-F12'>, but is only supported for system-provided menu items; will not be used
========================================================================
Worker process is ready to serve import requests
Refreshing native plugins compatible for Editor in 0.48 ms, found 6 plugins.
Preloading 3 native plugins for Editor in 2.74 ms.
Unloading 1604 Unused Serialized files (Serialized files now loaded: 0)
System memory in use before: 214.2 MB.
System memory in use after: 213.3 MB.

Unloading 161 unused Assets to reduce memory usage. Loaded Objects now: 2344.
Total: 2.630709 ms (FindLiveObjects: 0.122875 ms CreateObjectMapping: 0.036625 ms MarkObjects: 1.987792 ms  DeleteObjects: 0.482584 ms)

AssetImportParameters requested are different than current active one (requested -> active):
  custom:video-decoder-ogg-theora: a1e56fd34408186e4bbccfd4996cb3dc -> 
  custom:container-muxer-webm: aa71ff27fc2769a1b78a27578f13a17b -> 
  custom:container-demuxer-webm: 4f35f7cbe854078d1ac9338744f61a02 -> 
  custom:container-demuxer-ogg: 62fdf1f143b41e24485cea50d1cbac27 -> 
  custom:video-encoder-webm-vp8: eb34c28f22e8b96e1ab97ce403110664 -> 
  custom:framework-osx-AVFoundation: e770b220cccbd017edd2c1fefb359320 -> 
  custom:video-decoder-webm-vp8: 9c59270c3fd7afecdb556c50c9e8de78 -> 
  custom:audio-decoder-ogg-vorbis: bf7c407c2cedff20999df2af8eb42d56 -> 
  custom:audio-encoder-webm-vorbis: bf7c407c2cedff20999df2af8eb42d56 -> 
========================================================================
Received Import Request.
  path: Assets/annotations/arrow.png
  artifactKey: Guid(d3138074195d145fc98724e77b89ca52) Importer(815301076,1909f56bfc062723c751e8b465ee728b)
Start importing Assets/annotations/arrow.png using Guid(d3138074195d145fc98724e77b89ca52) Importer(815301076,1909f56bfc062723c751e8b465ee728b)  -> (artifact id: 'e45ebd32450b4deb48460b3e8a38cd87') in 0.530607 seconds 
  Import took 0.534235 seconds .

========================================================================
Received Import Request.
  Time since last request: 0.001944 seconds.
  path: Assets/annotations/volDown.png
  artifactKey: Guid(702209392db8b41918904f080db6d43c) Importer(815301076,1909f56bfc062723c751e8b465ee728b)
Start importing Assets/annotations/volDown.png using Guid(702209392db8b41918904f080db6d43c) Importer(815301076,1909f56bfc062723c751e8b465ee728b)  -> (artifact id: '5ee4ca4db5d248497de21b8a67a48018') in 0.007924 seconds 
  Import took 0.010016 seconds .

========================================================================
Received Import Request.
  Time since last request: 0.000211 seconds.
  path: Assets/annotations/arrow-green.png
  artifactKey: Guid(86cdbfbb1fffd4130bb3043c361161d8) Importer(815301076,1909f56bfc062723c751e8b465ee728b)
Start importing Assets/annotations/arrow-green.png using Guid(86cdbfbb1fffd4130bb3043c361161d8) Importer(815301076,1909f56bfc062723c751e8b465ee728b)  -> (artifact id: '9c69922b1f4293434f4333b5a0641260') in 0.005642 seconds 
  Import took 0.007907 seconds .

========================================================================
Received Import Request.
  Time since last request: 0.000298 seconds.
  path: Assets/annotations/volUp.png
  artifactKey: Guid(577dd62e12b244b39be94315b0bfa697) Importer(815301076,1909f56bfc062723c751e8b465ee728b)
Start importing Assets/annotations/volUp.png using Guid(577dd62e12b244b39be94315b0bfa697) Importer(815301076,1909f56bfc062723c751e8b465ee728b)  -> (artifact id: '9a15ddced3f52c5d99a6800bfc2262b5') in 0.004906 seconds 
  Import took 0.007488 seconds .

========================================================================
Received Import Request.
  Time since last request: 0.000169 seconds.
  path: Assets/annotations/bluetooth.png
  artifactKey: Guid(9ac30a559e48c42aaa0e0868fecbe56a) Importer(815301076,1909f56bfc062723c751e8b465ee728b)
Start importing Assets/annotations/bluetooth.png using Guid(9ac30a559e48c42aaa0e0868fecbe56a) Importer(815301076,1909f56bfc062723c751e8b465ee728b)  -> (artifact id: 'ae1154b7da7c7a7ad3dd12ce45608d42') in 0.007130 seconds 
  Import took 0.009547 seconds .

========================================================================
Received Import Request.
  Time since last request: 0.000203 seconds.
  path: Assets/annotations/arrow-orange.png
  artifactKey: Guid(1d415ad986c4a47e2aa052f1a6e144b7) Importer(815301076,1909f56bfc062723c751e8b465ee728b)
Start importing Assets/annotations/arrow-orange.png using Guid(1d415ad986c4a47e2aa052f1a6e144b7) Importer(815301076,1909f56bfc062723c751e8b465ee728b)  -> (artifact id: 'd6e746e890d803960964b7d945089de1') in 0.004299 seconds 
  Import took 0.006641 seconds .

========================================================================
Received Import Request.
  Time since last request: 0.000189 seconds.
  path: Assets/annotations/power on.png
  artifactKey: Guid(ea6709203554244538d4fd3ba9c65e2f) Importer(815301076,1909f56bfc062723c751e8b465ee728b)
Start importing Assets/annotations/power on.png using Guid(ea6709203554244538d4fd3ba9c65e2f) Importer(815301076,1909f56bfc062723c751e8b465ee728b)  -> (artifact id: '091676c0d8c6fa76f0556f501880ee9e') in 0.006728 seconds 
  Import took 0.009006 seconds .

========================================================================
Received Import Request.
  Time since last request: 0.000338 seconds.
  path: Assets/annotations/Headphone.png
  artifactKey: Guid(8803da687ec3043fe9c72e366103a942) Importer(815301076,1909f56bfc062723c751e8b465ee728b)
Start importing Assets/annotations/Headphone.png using Guid(8803da687ec3043fe9c72e366103a942) Importer(815301076,1909f56bfc062723c751e8b465ee728b)  -> (artifact id: '67be34033e974a85254a0128fdc9a7e6') in 0.005493 seconds 
  Import took 0.007530 seconds .

========================================================================
Received Import Request.
  Time since last request: 3.584982 seconds.
  path: Assets/annotations/Materials
  artifactKey: Guid(9db718167289542e1b8dd1aac9717a4c) Importer(815301076,1909f56bfc062723c751e8b465ee728b)
Start importing Assets/annotations/Materials using Guid(9db718167289542e1b8dd1aac9717a4c) Importer(815301076,1909f56bfc062723c751e8b465ee728b)  -> (artifact id: 'c4e61bdeea00c774f949c25102f1ef33') in 0.001174 seconds 
  Import took 0.004879 seconds .

========================================================================
Received Import Request.
  Time since last request: 0.022083 seconds.
  path: Assets/annotations/Materials/arrow.mat
  artifactKey: Guid(edb6c033060924669a849db3235ea6c6) Importer(815301076,1909f56bfc062723c751e8b465ee728b)
Start importing Assets/annotations/Materials/arrow.mat using Guid(edb6c033060924669a849db3235ea6c6) Importer(815301076,1909f56bfc062723c751e8b465ee728b)  -> (artifact id: '4fa05583962bd242191efcb28bcda033') in 0.530974 seconds 
  Import took 0.533333 seconds .

========================================================================
Received Import Request.
  Time since last request: 0.001137 seconds.
  path: Assets/annotations/Materials/power on.mat
  artifactKey: Guid(380166b12e07846268e6334948298fd7) Importer(815301076,1909f56bfc062723c751e8b465ee728b)
Start importing Assets/annotations/Materials/power on.mat using Guid(380166b12e07846268e6334948298fd7) Importer(815301076,1909f56bfc062723c751e8b465ee728b)  -> (artifact id: '0027a4bc9ed95cf2e041f71a72938528') in 0.011362 seconds 
  Import took 0.013603 seconds .

========================================================================
Received Import Request.
  Time since last request: 0.000200 seconds.
  path: Assets/annotations/Materials/bluetooth.mat
  artifactKey: Guid(e4e98dad51e7e4bdebfd42f9e3e112d6) Importer(815301076,1909f56bfc062723c751e8b465ee728b)
Start importing Assets/annotations/Materials/bluetooth.mat using Guid(e4e98dad51e7e4bdebfd42f9e3e112d6) Importer(815301076,1909f56bfc062723c751e8b465ee728b)  -> (artifact id: 'fb212c8e3a8568e3e86c40713652d201') in 0.007622 seconds 
  Import took 0.009807 seconds .

========================================================================
Received Import Request.
  Time since last request: 0.000394 seconds.
  path: Assets/annotations/Materials/volDown.mat
  artifactKey: Guid(8d9e7f68885054498952ef1adcbc5795) Importer(815301076,1909f56bfc062723c751e8b465ee728b)
Start importing Assets/annotations/Materials/volDown.mat using Guid(8d9e7f68885054498952ef1adcbc5795) Importer(815301076,1909f56bfc062723c751e8b465ee728b)  -> (artifact id: '32b71df3f1a0015a51ddefe28ece9e16') in 0.009360 seconds 
  Import took 0.011624 seconds .

========================================================================
Received Import Request.
  Time since last request: 0.000202 seconds.
  path: Assets/annotations/Materials/volUp.mat
  artifactKey: Guid(83f7b357608534259b83b558c2ca70d6) Importer(815301076,1909f56bfc062723c751e8b465ee728b)
Start importing Assets/annotations/Materials/volUp.mat using Guid(83f7b357608534259b83b558c2ca70d6) Importer(815301076,1909f56bfc062723c751e8b465ee728b)  -> (artifact id: '8916ed6daf33e3a83be25d3640c3d21a') in 0.009125 seconds 
  Import took 0.011587 seconds .

========================================================================
Received Import Request.
  Time since last request: 0.000228 seconds.
  path: Assets/annotations/Materials/Headphone.mat
  artifactKey: Guid(e247c5c562c714e90bce8d9ba686acd4) Importer(815301076,1909f56bfc062723c751e8b465ee728b)
Start importing Assets/annotations/Materials/Headphone.mat using Guid(e247c5c562c714e90bce8d9ba686acd4) Importer(815301076,1909f56bfc062723c751e8b465ee728b)  -> (artifact id: 'b438e2b4e1694ee4a85462e0eef6ab25') in 0.008078 seconds 
  Import took 0.010334 seconds .

========================================================================
Received Import Request.
  Time since last request: 200.182136 seconds.
  path: Assets/Anim.cs
  artifactKey: Guid(52490f2600bd74f41993b7f74ae8257e) Importer(815301076,1909f56bfc062723c751e8b465ee728b)
Start importing Assets/Anim.cs using Guid(52490f2600bd74f41993b7f74ae8257e) Importer(815301076,1909f56bfc062723c751e8b465ee728b)  -> (artifact id: '079d486c400f8f885d33a06d8bbafa34') in 0.122898 seconds 
  Import took 0.125530 seconds .

